# CACHE IS CLEARED
# 
# ==> BusOp = READ
# ==> MESSAGE TO L1: SENDLINE 0000001
# 
# ==> BusOp = READ
# ==> MESSAGE TO L1: SENDLINE 0008001
# 
# ==> BusOp = READ
# ==> MESSAGE TO L1: SENDLINE 0010001
# 
# ==> BusOp = READ
# ==> MESSAGE TO L1: SENDLINE 0018001
# 
# ==> BusOp = READ
# ==> MESSAGE TO L1: SENDLINE 0020001
# 
# ==> BusOp = READ
# ==> MESSAGE TO L1: SENDLINE 0028001
# 
# ==> BusOp = READ
# ==> MESSAGE TO L1: SENDLINE 0030001
# 
# ==> BusOp = READ
# ==> MESSAGE TO L1: SENDLINE 0038001
# MESI_STATE = S  	 TAG = 001  LRU = 0          SET =           1     WAY =           0 
# MESI_STATE = S  	 TAG = 005  LRU = 0          SET =           1     WAY =           1 
# MESI_STATE = E  	 TAG = 003  LRU = 0          SET =           1     WAY =           2 
# MESI_STATE = E  	 TAG = 007  LRU = 0          SET =           1     WAY =           3 
# MESI_STATE = E  	 TAG = 006  LRU = 0          SET =           1     WAY =           4 
# MESI_STATE = E  	 TAG = 002  LRU = 0          SET =           1     WAY =           5 
# MESI_STATE = S  	 TAG = 004  LRU = 0          SET =           1     WAY =           6 
# MESI_STATE = S  	 TAG = 000  LRU = 0          SET =           1     WAY =           7 
# 
# END OF TRACE FILE, THE FOLLOWING ARE THE CHACHE STATSITICS:
# 
# ==>  CACHE_READS = 8 
# ==>  CACHE_WRITES=0 
# ==>  CACHE_HITS=0 
# ==>  CACHE_MISSES=8 
# ==>  CACHE_HIT_RATIO=0.000000