# CACHE IS CLEARED
# 
# ==> BusOp = RWIM
# 
# ==> BusOp = RWIM
# 
# ==> BusOp = RWIM
# 
# ==> BusOp = RWIM
# 
# ==> BusOp = RWIM
# 
# ==> BusOp = RWIM
# 
# ==> BusOp = RWIM
# 
# ==> BusOp = RWIM
# MESI_STATE = M  	 TAG = 001  LRU = 0          SET =           2     WAY =           0 
# MESI_STATE = M  	 TAG = 005  LRU = 0          SET =           2     WAY =           1 
# MESI_STATE = M  	 TAG = 003  LRU = 0          SET =           2     WAY =           2 
# MESI_STATE = M  	 TAG = 007  LRU = 0          SET =           2     WAY =           3 
# MESI_STATE = M  	 TAG = 006  LRU = 0          SET =           2     WAY =           4 
# MESI_STATE = M  	 TAG = 002  LRU = 0          SET =           2     WAY =           5 
# MESI_STATE = M  	 TAG = 004  LRU = 0          SET =           2     WAY =           6 
# MESI_STATE = M  	 TAG = 000  LRU = 0          SET =           2     WAY =           7 
# 
# END OF TRACE FILE, THE FOLLOWING ARE THE CHACHE STATSITICS:
# 
# ==>  CACHE_READS = 0 
# ==>  CACHE_WRITES=8 
# ==>  CACHE_HITS=0 
# ==>  CACHE_MISSES=8 
# ==>  CACHE_HIT_RATIO=0.000000